<?xml version="1.0" encoding="UTF-8"?>
<!-- Generated by org.testng.reporters.JUnitXMLReporter -->
<testsuite ignored="0" hostname="DESKTOP-GFANGBB" failures="0" tests="3" name="SubmitOrderTest" time="24.745" errors="0" timestamp="2025-03-20T01:51:14 CDT">
  <testcase classname="drapercompany.tests.SubmitOrderTest" name="submitOrder" time="3.848"/>
  <testcase classname="drapercompany.tests.SubmitOrderTest" name="submitOrder" time="4.223"/>
  <testcase classname="drapercompany.tests.SubmitOrderTest" name="OrderHistoryTest" time="0.876"/>
</testsuite> <!-- SubmitOrderTest -->
