<?xml version="1.0" encoding="UTF-8"?>
<!-- Generated by org.testng.reporters.JUnitXMLReporter -->
<testsuite ignored="0" hostname="DESKTOP-GFANGBB" failures="0" tests="3" name="Test" time="34.632" errors="0" timestamp="2025-03-16T21:28:08 CDT">
  <testcase classname="drapercompany.tests.ErrorValidations" name="productErrorValidation" time="2.755"/>
  <testcase classname="drapercompany.tests.ErrorValidations" name="submitOrder" time="1.051"/>
  <testcase classname="drapercompany.tests.SubmitOrderTest" name="submitOrder" time="15.511"/>
</testsuite> <!-- Test -->
