<?xml version="1.0" encoding="UTF-8"?>
<!-- Generated by org.testng.reporters.JUnitXMLReporter -->
<testsuite ignored="0" hostname="DESKTOP-GFANGBB" failures="0" tests="3" name="SubmitOrderTest" time="21.995" errors="0" timestamp="2025-03-19T14:05:01 CDT">
  <testcase classname="drapercompany.tests.SubmitOrderTest" name="submitOrder" time="3.687"/>
  <testcase classname="drapercompany.tests.SubmitOrderTest" name="submitOrder" time="3.998"/>
  <testcase classname="drapercompany.tests.SubmitOrderTest" name="OrderHistoryTest" time="0.87"/>
</testsuite> <!-- SubmitOrderTest -->
